<?xml version="1.0" encoding="UTF-8"?>
<!-- Generated by org.testng.reporters.JUnitReportReporter -->
<testsuite hostname="DESKTOP-IQTQ1K1" failures="0" tests="1" name="testCases.TC001_AccountRegistrationTest" time="4.877" errors="0" timestamp="2024-09-08T16:57:39 IST" skipped="0">
  <testcase classname="testCases.TC001_AccountRegistrationTest" name="verify_account_registration" time="4.877"/>
</testsuite> <!-- testCases.TC001_AccountRegistrationTest -->
