<?xml version="1.0" encoding="UTF-8"?>
<!-- Generated by org.testng.reporters.JUnitReportReporter -->
<testsuite hostname="DESKTOP-IQTQ1K1" failures="0" tests="1" name="testCases.TC002_Logintest" time="7.959" errors="0" timestamp="2024-09-08T17:00:02 IST" skipped="0">
  <testcase classname="testCases.TC002_Logintest" name="verify_login" time="7.959"/>
</testsuite> <!-- testCases.TC002_Logintest -->
