<?xml version="1.0" encoding="UTF-8"?>
<!-- Generated by org.testng.reporters.JUnitReportReporter -->
<testsuite hostname="DESKTOP-IQTQ1K1" failures="0" tests="1" name="testCases.TC001_AccountRegistrationTest" time="6.303" errors="0" timestamp="2024-09-09T10:45:21 IST" skipped="0">
  <testcase classname="testCases.TC001_AccountRegistrationTest" name="verify_account_registration" time="6.303"/>
</testsuite> <!-- testCases.TC001_AccountRegistrationTest -->
